bool(true)
bool(true)
assert(): assert(false) failed
bool(true)

Warning: zend.assertions may be completely enabled or disabled only in php.ini in /home/phpfuzz/WorkSpace/flowfusion/php-src/tests/fused/fused191.php on line 74

Warning: Undefined variable $key in /home/phpfuzz/WorkSpace/flowfusion/php-src/tests/fused/fused191.php on line 82
NULL

Warning: Undefined variable $key in /home/phpfuzz/WorkSpace/flowfusion/php-src/tests/fused/fused191.php on line 82
NULL
string(11) "random_var:"
array(0) {
}
object(AssertionError)#1 (7) {
  ["message":protected]=>
  string(13) "assert(false)"
  ["string":"Error":private]=>
  string(0) ""
  ["code":protected]=>
  int(1)
  ["file":protected]=>
  string(67) "/home/phpfuzz/WorkSpace/flowfusion/php-src/tests/fused/fused191.php"
  ["line":protected]=>
  int(69)
  ["trace":"Error":private]=>
  array(1) {
    [0]=>
    array(4) {
      ["file"]=>
      string(67) "/home/phpfuzz/WorkSpace/flowfusion/php-src/tests/fused/fused191.php"
      ["line"]=>
      int(69)
      ["function"]=>
      string(6) "assert"
      ["args"]=>
      array(2) {
        [0]=>
        bool(false)
        [1]=>
        string(13) "assert(false)"
      }
    }
  }
  ["previous":"Error":private]=>
  NULL
}
object(AssertionError)#1 (7) {
  ["message":protected]=>
  string(13) "assert(false)"
  ["string":"Error":private]=>
  string(0) ""
  ["code":protected]=>
  int(1)
  ["file":protected]=>
  string(67) "/home/phpfuzz/WorkSpace/flowfusion/php-src/tests/fused/fused191.php"
  ["line":protected]=>
  int(69)
  ["trace":"Error":private]=>
  array(1) {
    [0]=>
    array(4) {
      ["file"]=>
      string(67) "/home/phpfuzz/WorkSpace/flowfusion/php-src/tests/fused/fused191.php"
      ["line"]=>
      int(69)
      ["function"]=>
      string(6) "assert"
      ["args"]=>
      array(2) {
        [0]=>
        bool(false)
        [1]=>
        string(13) "assert(false)"
      }
    }
  }
  ["previous":"Error":private]=>
  NULL
}
Calling function: iterator_count with arguments: 
Warning: Array to string conversion in /home/phpfuzz/WorkSpace/flowfusion/php-src/tests/fused/fused191.php on line 38
Array
Calling function: timezone_name_get with arguments: 
Warning: Array to string conversion in /home/phpfuzz/WorkSpace/flowfusion/php-src/tests/fused/fused191.php on line 38
Array
Error calling function timezone_name_get: timezone_name_get(): Argument #1 ($object) must be of type DateTimeZone, array given
Calling function: ob_get_level with arguments: 
Calling function: dir with arguments: 
Warning: Array to string conversion in /home/phpfuzz/WorkSpace/flowfusion/php-src/tests/fused/fused191.php on line 38
AssertionError: assert(false) in /home/phpfuzz/WorkSpace/flowfusion/php-src/tests/fused/fused191.php:69
Stack trace:
#0 /home/phpfuzz/WorkSpace/flowfusion/php-src/tests/fused/fused191.php(69): assert(false, 'assert(false)')
#1 {main}, Array
Error calling function dir: dir(): Argument #2 ($context) must be of type resource or null, array given
Calling function: fsync with arguments: AssertionError: assert(false) in /home/phpfuzz/WorkSpace/flowfusion/php-src/tests/fused/fused191.php:69
Stack trace:
#0 /home/phpfuzz/WorkSpace/flowfusion/php-src/tests/fused/fused191.php(69): assert(false, 'assert(false)')
#1 {main}
Error calling function fsync: fsync(): Argument #1 ($stream) must be of type resource, AssertionError given
Calling function: xmlwriter_end_document with arguments: AssertionError: assert(false) in /home/phpfuzz/WorkSpace/flowfusion/php-src/tests/fused/fused191.php:69
Stack trace:
#0 /home/phpfuzz/WorkSpace/flowfusion/php-src/tests/fused/fused191.php(69): assert(false, 'assert(false)')
#1 {main}
Error calling function xmlwriter_end_document: xmlwriter_end_document(): Argument #1 ($writer) must be of type XMLWriter, AssertionError given
Calling function: array_replace with arguments: 
Warning: Array to string conversion in /home/phpfuzz/WorkSpace/flowfusion/php-src/tests/fused/fused191.php on line 38
AssertionError: assert(false) in /home/phpfuzz/WorkSpace/flowfusion/php-src/tests/fused/fused191.php:69
Stack trace:
#0 /home/phpfuzz/WorkSpace/flowfusion/php-src/tests/fused/fused191.php(69): assert(false, 'assert(false)')
#1 {main}, Array
Error calling function array_replace: array_replace(): Argument #1 ($array) must be of type array, AssertionError given
Calling function: array_is_list with arguments: AssertionError: assert(false) in /home/phpfuzz/WorkSpace/flowfusion/php-src/tests/fused/fused191.php:69
Stack trace:
#0 /home/phpfuzz/WorkSpace/flowfusion/php-src/tests/fused/fused191.php(69): assert(false, 'assert(false)')
#1 {main}
Error calling function array_is_list: array_is_list(): Argument #1 ($array) must be of type array, AssertionError given
Calling function: phpcredits with arguments: AssertionError: assert(false) in /home/phpfuzz/WorkSpace/flowfusion/php-src/tests/fused/fused191.php:69
Stack trace:
#0 /home/phpfuzz/WorkSpace/flowfusion/php-src/tests/fused/fused191.php(69): assert(false, 'assert(false)')
#1 {main}
Error calling function phpcredits: phpcredits(): Argument #1 ($flags) must be of type int, AssertionError given
Calling function: htmlspecialchars with arguments: 
Warning: Array to string conversion in /home/phpfuzz/WorkSpace/flowfusion/php-src/tests/fused/fused191.php on line 38

Warning: Array to string conversion in /home/phpfuzz/WorkSpace/flowfusion/php-src/tests/fused/fused191.php on line 38

Warning: Array to string conversion in /home/phpfuzz/WorkSpace/flowfusion/php-src/tests/fused/fused191.php on line 38

Warning: Array to string conversion in /home/phpfuzz/WorkSpace/flowfusion/php-src/tests/fused/fused191.php on line 38
Array, Array, Array, Array
Error calling function htmlspecialchars: htmlspecialchars(): Argument #1 ($string) must be of type string, array given
Calling function: dns_get_record with arguments: 
Warning: Array to string conversion in /home/phpfuzz/WorkSpace/flowfusion/php-src/tests/fused/fused191.php on line 38

Warning: Array to string conversion in /home/phpfuzz/WorkSpace/flowfusion/php-src/tests/fused/fused191.php on line 38

Warning: Array to string conversion in /home/phpfuzz/WorkSpace/flowfusion/php-src/tests/fused/fused191.php on line 38
Array, AssertionError: assert(false) in /home/phpfuzz/WorkSpace/flowfusion/php-src/tests/fused/fused191.php:69
Stack trace:
#0 /home/phpfuzz/WorkSpace/flowfusion/php-src/tests/fused/fused191.php(69): assert(false, 'assert(false)')
#1 {main}, Array, AssertionError: assert(false) in /home/phpfuzz/WorkSpace/flowfusion/php-src/tests/fused/fused191.php:69
Stack trace:
#0 /home/phpfuzz/WorkSpace/flowfusion/php-src/tests/fused/fused191.php(69): assert(false, 'assert(false)')
#1 {main}, Array

Warning: dns_get_record(): Argument #3 ($authoritative_name_servers) must be passed by reference, value given in /home/phpfuzz/WorkSpace/flowfusion/php-src/tests/fused/fused191.php on line 41

Warning: dns_get_record(): Argument #4 ($additional_records) must be passed by reference, value given in /home/phpfuzz/WorkSpace/flowfusion/php-src/tests/fused/fused191.php on line 41
Error calling function dns_get_record: dns_get_record(): Argument #1 ($hostname) must be of type string, array given
Calling function: getimagesize with arguments: 
Warning: Array to string conversion in /home/phpfuzz/WorkSpace/flowfusion/php-src/tests/fused/fused191.php on line 38
Array, AssertionError: assert(false) in /home/phpfuzz/WorkSpace/flowfusion/php-src/tests/fused/fused191.php:69
Stack trace:
#0 /home/phpfuzz/WorkSpace/flowfusion/php-src/tests/fused/fused191.php(69): assert(false, 'assert(false)')
#1 {main}

Warning: getimagesize(): Argument #2 ($image_info) must be passed by reference, value given in /home/phpfuzz/WorkSpace/flowfusion/php-src/tests/fused/fused191.php on line 41
Error calling function getimagesize: getimagesize(): Argument #1 ($filename) must be of type string, array given
Calling function: iconv_set_encoding with arguments: 
Warning: Array to string conversion in /home/phpfuzz/WorkSpace/flowfusion/php-src/tests/fused/fused191.php on line 38
AssertionError: assert(false) in /home/phpfuzz/WorkSpace/flowfusion/php-src/tests/fused/fused191.php:69
Stack trace:
#0 /home/phpfuzz/WorkSpace/flowfusion/php-src/tests/fused/fused191.php(69): assert(false, 'assert(false)')
#1 {main}, Array
Error calling function iconv_set_encoding: iconv_set_encoding(): Argument #2 ($encoding) must be of type string, array given
Calling function: inet_pton with arguments: AssertionError: assert(false) in /home/phpfuzz/WorkSpace/flowfusion/php-src/tests/fused/fused191.php:69
Stack trace:
#0 /home/phpfuzz/WorkSpace/flowfusion/php-src/tests/fused/fused191.php(69): assert(false, 'assert(false)')
#1 {main}
Calling function: flock with arguments: AssertionError: assert(false) in /home/phpfuzz/WorkSpace/flowfusion/php-src/tests/fused/fused191.php:69
Stack trace:
#0 /home/phpfuzz/WorkSpace/flowfusion/php-src/tests/fused/fused191.php(69): assert(false, 'assert(false)')
#1 {main}, AssertionError: assert(false) in /home/phpfuzz/WorkSpace/flowfusion/php-src/tests/fused/fused191.php:69
Stack trace:
#0 /home/phpfuzz/WorkSpace/flowfusion/php-src/tests/fused/fused191.php(69): assert(false, 'assert(false)')
#1 {main}, AssertionError: assert(false) in /home/phpfuzz/WorkSpace/flowfusion/php-src/tests/fused/fused191.php:69
Stack trace:
#0 /home/phpfuzz/WorkSpace/flowfusion/php-src/tests/fused/fused191.php(69): assert(false, 'assert(false)')
#1 {main}

Warning: flock(): Argument #3 ($would_block) must be passed by reference, value given in /home/phpfuzz/WorkSpace/flowfusion/php-src/tests/fused/fused191.php on line 41
Error calling function flock: flock(): Argument #1 ($stream) must be of type resource, AssertionError given
Calling function: xml_error_string with arguments: AssertionError: assert(false) in /home/phpfuzz/WorkSpace/flowfusion/php-src/tests/fused/fused191.php:69
Stack trace:
#0 /home/phpfuzz/WorkSpace/flowfusion/php-src/tests/fused/fused191.php(69): assert(false, 'assert(false)')
#1 {main}
Error calling function xml_error_string: xml_error_string(): Argument #1 ($error_code) must be of type int, AssertionError given
Calling function: array_replace with arguments: AssertionError: assert(false) in /home/phpfuzz/WorkSpace/flowfusion/php-src/tests/fused/fused191.php:69
Stack trace:
#0 /home/phpfuzz/WorkSpace/flowfusion/php-src/tests/fused/fused191.php(69): assert(false, 'assert(false)')
#1 {main}, AssertionError: assert(false) in /home/phpfuzz/WorkSpace/flowfusion/php-src/tests/fused/fused191.php:69
Stack trace:
#0 /home/phpfuzz/WorkSpace/flowfusion/php-src/tests/fused/fused191.php(69): assert(false, 'assert(false)')
#1 {main}
Error calling function array_replace: array_replace(): Argument #1 ($array) must be of type array, AssertionError given
Calling function: get_cfg_var with arguments: AssertionError: assert(false) in /home/phpfuzz/WorkSpace/flowfusion/php-src/tests/fused/fused191.php:69
Stack trace:
#0 /home/phpfuzz/WorkSpace/flowfusion/php-src/tests/fused/fused191.php(69): assert(false, 'assert(false)')
#1 {main}
php: /home/phpfuzz/WorkSpace/flowfusion/php-src/Zend/Optimizer/zend_inference.c:4062: zend_result _zend_update_type_info(const zend_op_array *, zend_ssa *, const zend_script *, zend_bitset, const zend_op *, zend_ssa_op *, const zend_op **, zend_long, _Bool): Assertion `ssa_opcodes != ((void*)0) || __ssa_var->var >= op_array->last_var || (ssa_var_info[__var].type & (1 << 10)) == (__type & (1 << 10))' failed.
Aborted (core dumped)

Termsig=6